<component name="libraryTable">
  <library name="junit.jupiter.params" type="repository">
    <properties maven-id="org.junit.jupiter:junit-jupiter-params:5.0.1" />
    <CLASSES>
      <root url="jar://$MAVEN_REPOSITORY$/org/junit/jupiter/junit-jupiter-params/5.0.1/junit-jupiter-params-5.0.1.jar!/" />
      <root url="jar://$MAVEN_REPOSITORY$/org/junit/jupiter/junit-jupiter-api/5.0.1/junit-jupiter-api-5.0.1.jar!/" />
      <root url="jar://$MAVEN_REPOSITORY$/org/opentest4j/opentest4j/1.0.0/opentest4j-1.0.0.jar!/" />
      <root url="jar://$MAVEN_REPOSITORY$/org/junit/platform/junit-platform-commons/1.0.1/junit-platform-commons-1.0.1.jar!/" />
    </CLASSES>
    <JAVADOC />
    <SOURCES />
  </library>
</component>